This is XeTeX, Version 3.14159265-2.6-0.999992 (TeX Live 2020/W32TeX) (preloaded format=xelatex 2020.5.20)  12 OCT 2021 14:21
entering extended mode
 restricted \write18 enabled.
 %&-line parsing enabled.
**MasterII.tex
(./MasterII.tex
LaTeX2e <2020-02-02> patch level 5
L3 programming layer <2020-05-15> (./JASA.cls

! LaTeX Error: Missing \begin{document}.

See the LaTeX manual or LaTeX Companion for explanation.
Type  H <return>  for immediate help.
 ...                                              
                                                  
l.1 <
     ?xml version="1.0" encoding="utf-8"?> 
Here is how much of TeX's memory you used:
 24 strings out of 481249
 505 string characters out of 5922258
 239796 words of memory out of 5000000
 17659 multiletter control sequences out of 15000+600000
 532338 words of font info for 24 fonts, out of 8000000 for 9000
 14 hyphenation exceptions out of 8191
 14i,0n,17p,94b,14s stack positions out of 5000i,500n,10000p,200000b,80000s

No pages of output.
